<?xml version="1.0" encoding="UTF-8"?>
<!-- Generated by org.testng.reporters.JUnitReportReporter -->
<testsuite hostname="QAMacbookPros-MacBook-Pro.local" name="example.NewTest" tests="1" failures="0" timestamp="22 May 2017 20:29:26 GMT" time="120.710" errors="0">
  <testcase name="RedeemTokenAndRegisterNewAccount" time="120.710" classname="example.NewTest"/>
</testsuite> <!-- example.NewTest -->
