<?xml version="1.0" encoding="UTF-8"?>
<!-- Generated by org.testng.reporters.JUnitReportReporter -->
<testsuite hostname="QAMacbookPros-MacBook-Pro.local" name="example.NewTestClass" tests="1" failures="0" timestamp="17 May 2017 18:40:51 GMT" time="17.018" errors="0">
  <testcase name="verifyCommentInputTest_NewTest" time="17.018" classname="example.NewTestClass"/>
</testsuite> <!-- example.NewTestClass -->
