<?xml version="1.0" encoding="UTF-8"?>
<!-- Generated by org.testng.reporters.JUnitReportReporter -->
<testsuite hostname="QAMacbookPros-MacBook-Pro.local" name="example.NewTest" tests="1" failures="0" timestamp="31 Mar 2017 00:05:45 GMT" time="7.219" errors="0">
  <testcase name="testEasy" time="7.219" classname="example.NewTest"/>
</testsuite> <!-- example.NewTest -->
