<?xml version="1.0" encoding="UTF-8"?>
<!-- Generated by org.testng.reporters.JUnitReportReporter -->
<testsuite hostname="QAMacbookPros-MacBook-Pro.local" name="example.NewTest" tests="1" failures="0" timestamp="1 May 2017 19:56:54 GMT" time="25.103" errors="0">
  <testcase name="verifyCommentInputTest" time="25.103" classname="example.NewTest"/>
</testsuite> <!-- example.NewTest -->
