<?xml version="1.0" encoding="UTF-8"?>
<!-- Generated by org.testng.reporters.JUnitReportReporter -->
<testsuite hostname="QAMacbookPros-MacBook-Pro.local" name="example.NewTest" tests="1" failures="0" timestamp="2 May 2017 19:43:25 GMT" time="24.963" errors="0">
  <testcase name="verifyCommentInputTest" time="24.963" classname="example.NewTest"/>
</testsuite> <!-- example.NewTest -->
